
2021-02-06 22:54:13,138 [1] INFO  Knocker - ApplicationStarted


2021-02-06 22:55:28,894 [1] INFO  Knocker - Application Started


2021-02-06 23:03:56,420 [1] INFO  Knocker - Application Started


2021-02-06 23:04:03,916 [1] INFO  Knocker - Main Task Running


2021-02-06 23:04:03,924 [6] INFO  Knocker - Core Scan Başladı

2021-02-06 23:04:26,628 [6] INFO  Knocker - Scanned Succesfully


2021-02-06 23:06:20,913 [1] INFO  Knocker - Application Started


2021-02-06 23:06:30,865 [1] INFO  Knocker - Main Task Running


2021-02-06 23:06:30,875 [4] INFO  Knocker - Core Started

2021-02-06 23:06:31,955 [4] ERROR Knocker - System.OperationCanceledException: The operation was canceled.
   at System.Threading.CancellationToken.ThrowOperationCanceledException()
   at System.Threading.CancellationToken.ThrowIfCancellationRequested()
   at KnockerCore.Core.StartScanning(String hostStart, String hostStop, Int32 portStart, Int32 portStop, Int32 limit, CancellationToken token) in C:\Source\Knocker\Knocker\KnockerCore\Core.cs:line 85

2021-02-06 23:06:31,956 [1] INFO  Knocker - Current Task Stopped


2021-02-06 23:59:54,618 [1] INFO  Knocker - Application Started


2021-02-07 00:10:55,757 [1] INFO  Knocker - Application Started


2021-02-07 00:19:17,189 [1] INFO  Knocker - Application Started


2021-02-07 00:21:59,896 [1] INFO  Knocker - Application Started


2021-02-07 00:22:29,583 [1] INFO  Knocker - Main Task Running


2021-02-07 00:22:29,591 [5] INFO  Knocker - Core Started

2021-02-07 00:22:30,342 [1] INFO  Knocker - Current Task Stopped


2021-02-07 00:22:30,639 [5] ERROR Knocker - System.OperationCanceledException: The operation was canceled.
   at System.Threading.CancellationToken.ThrowOperationCanceledException()
   at System.Threading.CancellationToken.ThrowIfCancellationRequested()
   at KnockerCore.Core.StartScanning(String hostStart, String hostStop, Int32 portStart, Int32 portStop, Int32 limit, CancellationToken token) in C:\Source\Knocker\Knocker\KnockerCore\Core.cs:line 85

2021-02-07 00:22:31,261 [1] INFO  Knocker - Main Task Running


2021-02-07 00:22:31,269 [5] INFO  Knocker - Core Started

2021-02-07 00:22:32,293 [5] INFO  Knocker - Scanned Succesfully


2021-02-07 00:22:36,147 [1] INFO  Knocker - Main Task Running


2021-02-07 00:22:36,156 [6] INFO  Knocker - Core Started

2021-02-07 00:22:37,172 [6] INFO  Knocker - Scanned Succesfully


2021-02-07 00:22:47,079 [1] INFO  Knocker - Main Task Running


2021-02-07 00:22:47,084 [6] INFO  Knocker - Core Started

2021-02-07 00:22:48,095 [6] INFO  Knocker - Scanned Succesfully


2021-02-07 00:22:54,372 [1] INFO  Knocker - Main Task Running


2021-02-07 00:22:54,377 [5] INFO  Knocker - Core Started

2021-02-07 00:22:55,382 [5] INFO  Knocker - Scanned Succesfully


2021-02-07 00:22:59,462 [1] INFO  Knocker - Main Task Running


2021-02-07 00:22:59,467 [9] INFO  Knocker - Core Started

2021-02-07 00:23:15,705 [1] INFO  Knocker - Current Task Stopped


2021-02-07 00:23:16,103 [9] ERROR Knocker - System.OperationCanceledException: The operation was canceled.
   at System.Threading.CancellationToken.ThrowOperationCanceledException()
   at System.Threading.CancellationToken.ThrowIfCancellationRequested()
   at KnockerCore.Core.StartScanning(String hostStart, String hostStop, Int32 portStart, Int32 portStop, Int32 limit, CancellationToken token) in C:\Source\Knocker\Knocker\KnockerCore\Core.cs:line 85

2021-02-07 00:23:29,023 [1] INFO  Knocker - Main Task Running


2021-02-07 00:23:29,031 [9] INFO  Knocker - Core Started

2021-02-07 00:26:25,722 [1] INFO  Knocker - Application Started


2021-02-07 00:26:32,155 [1] INFO  Knocker - Main Task Running


2021-02-07 00:26:32,163 [6] INFO  Knocker - Core Started

2021-02-07 00:26:54,633 [6] INFO  Knocker - Scanned Succesfully


2021-02-07 00:26:58,307 [1] INFO  Knocker - Main Task Running


2021-02-07 00:26:58,313 [6] INFO  Knocker - Core Started

2021-02-07 00:27:20,392 [6] INFO  Knocker - Scanned Succesfully


2021-02-07 00:27:49,476 [1] INFO  Knocker - Application Started


2021-02-07 00:27:54,933 [1] INFO  Knocker - Main Task Running


2021-02-07 00:27:54,941 [5] INFO  Knocker - Core Started

2021-02-07 00:28:17,134 [5] INFO  Knocker - Scanned Succesfully


2021-02-07 00:28:19,674 [1] INFO  Knocker - Main Task Running


2021-02-07 00:28:19,680 [5] INFO  Knocker - Core Started

2021-02-07 00:28:39,436 [5] ERROR Knocker - System.OperationCanceledException: The operation was canceled.
   at System.Threading.CancellationToken.ThrowOperationCanceledException()
   at System.Threading.CancellationToken.ThrowIfCancellationRequested()
   at KnockerCore.Core.StartScanning(String hostStart, String hostStop, Int32 portStart, Int32 portStop, Int32 limit, CancellationToken token) in C:\Source\Knocker\Knocker\KnockerCore\Core.cs:line 85

2021-02-07 00:28:39,437 [1] INFO  Knocker - Current Task Stopped


2021-02-07 00:28:40,212 [1] INFO  Knocker - Main Task Running


2021-02-07 00:28:40,218 [19] INFO  Knocker - Core Started

2021-02-07 00:29:01,486 [1] INFO  Knocker - Exported to application directory successfully


2021-02-07 00:29:02,431 [19] INFO  Knocker - Scanned Succesfully


2021-02-07 00:32:41,038 [1] INFO  Knocker - Application Started


2021-02-07 00:34:03,853 [1] INFO  Knocker - Application Started


2021-02-07 00:34:25,656 [1] INFO  Knocker - Main Task Running


2021-02-07 00:34:25,665 [5] INFO  Knocker - Core Started

2021-02-07 00:34:47,817 [5] INFO  Knocker - Scanned Succesfully


2021-02-07 00:35:41,933 [1] INFO  Knocker - Main Task Running


2021-02-07 00:35:41,947 [14] INFO  Knocker - Core Started

2021-02-07 00:35:43,762 [1] INFO  Knocker - Current Task Stopped


2021-02-07 00:35:43,762 [14] ERROR Knocker - System.OperationCanceledException: The operation was canceled.
   at System.Threading.CancellationToken.ThrowOperationCanceledException()
   at System.Threading.CancellationToken.ThrowIfCancellationRequested()
   at KnockerCore.Core.StartScanning(String hostStart, String hostStop, Int32 portStart, Int32 portStop, Int32 limit, CancellationToken token) in C:\Source\Knocker\Knocker\KnockerCore\Core.cs:line 85

2021-02-07 00:35:45,205 [1] INFO  Knocker - Main Task Running


2021-02-07 00:35:45,238 [12] INFO  Knocker - Core Started

2021-02-07 00:39:04,340 [1] INFO  Knocker - Application Started


2021-02-07 00:39:11,618 [1] INFO  Knocker - Main Task Running


2021-02-07 00:39:11,628 [6] INFO  Knocker - Core Started

2021-02-07 00:39:33,816 [6] INFO  Knocker - Scanned Succesfully


2021-02-07 00:39:54,151 [1] INFO  Knocker - Main Task Running


2021-02-07 00:39:54,161 [6] INFO  Knocker - Core Started

2021-02-07 00:40:16,287 [6] INFO  Knocker - Scanned Succesfully


2021-02-07 00:42:25,350 [1] INFO  Knocker - Application Started


2021-02-07 00:42:32,201 [1] INFO  Knocker - Main Task Running


2021-02-07 00:42:32,210 [5] INFO  Knocker - Core Started

2021-02-07 00:42:54,461 [5] INFO  Knocker - Scanned Succesfully


2021-02-07 00:43:05,020 [1] INFO  Knocker - Main Task Running


2021-02-07 00:43:05,030 [5] INFO  Knocker - Core Started

2021-02-07 00:43:27,150 [5] INFO  Knocker - Scanned Succesfully


2021-02-07 00:44:26,173 [1] INFO  Knocker - Application Started


2021-02-07 00:44:36,644 [1] INFO  Knocker - Main Task Running


2021-02-07 00:44:36,652 [6] INFO  Knocker - Core Started

2021-02-07 00:44:38,806 [6] INFO  Knocker - Scanned Succesfully


2021-02-07 00:44:50,474 [1] INFO  Knocker - Main Task Running


2021-02-07 00:44:50,480 [6] INFO  Knocker - Core Started

2021-02-07 00:44:56,147 [6] INFO  Knocker - Scanned Succesfully


2021-02-07 00:45:17,798 [1] INFO  Knocker - Main Task Running


2021-02-07 00:45:17,803 [6] INFO  Knocker - Core Started

2021-02-07 00:45:19,852 [6] INFO  Knocker - Scanned Succesfully


2021-02-07 00:45:42,696 [1] INFO  Knocker - Application Started


2021-02-07 00:45:57,874 [1] INFO  Knocker - Main Task Running


2021-02-07 00:45:57,883 [5] INFO  Knocker - Core Started

2021-02-07 00:46:02,049 [5] INFO  Knocker - Scanned Succesfully


2021-02-07 00:48:01,578 [1] INFO  Knocker - Application Started


2021-02-07 00:48:12,582 [1] INFO  Knocker - Main Task Running


2021-02-07 00:48:12,591 [5] INFO  Knocker - Core Started

2021-02-07 00:48:46,960 [1] INFO  Knocker - Application Started


2021-02-07 00:48:55,210 [1] INFO  Knocker - Main Task Running


2021-02-07 00:48:55,219 [5] INFO  Knocker - Core Started

2021-02-07 00:49:17,457 [5] INFO  Knocker - Scanned Succesfully


2021-02-07 00:50:07,623 [1] INFO  Knocker - Application Started


2021-02-07 00:50:16,980 [1] INFO  Knocker - Main Task Running


2021-02-07 00:50:16,989 [5] INFO  Knocker - Core Started

2021-02-07 00:50:37,454 [1] INFO  Knocker - Application Started


2021-02-07 00:50:45,242 [1] INFO  Knocker - Main Task Running


2021-02-07 00:50:45,251 [5] INFO  Knocker - Core Started

2021-02-07 00:50:49,836 [1] INFO  Knocker - Current Task Stopped


2021-02-07 00:50:49,836 [5] ERROR Knocker - System.OperationCanceledException: The operation was canceled.
   at System.Threading.CancellationToken.ThrowOperationCanceledException()
   at System.Threading.CancellationToken.ThrowIfCancellationRequested()
   at KnockerCore.Core.StartScanning(String hostStart, String hostStop, Int32 portStart, Int32 portStop, Int32 limit, CancellationToken token) in C:\Source\Knocker\Knocker\KnockerCore\Core.cs:line 85

2021-02-07 01:09:43,327 [1] INFO  Knocker - Application Started


2021-02-07 01:10:05,041 [1] INFO  Knocker - Main Task Running


2021-02-07 01:10:05,050 [6] INFO  Knocker - Core Started

2021-02-07 01:10:06,214 [6] ERROR Knocker - System.OperationCanceledException: The operation was canceled.
   at System.Threading.CancellationToken.ThrowOperationCanceledException()
   at System.Threading.CancellationToken.ThrowIfCancellationRequested()
   at KnockerCore.Core.StartScanning(String hostStart, String hostStop, Int32 portStart, Int32 portStop, Int32 limit, CancellationToken token) in C:\Source\Knocker\Knocker\KnockerCore\Core.cs:line 85

2021-02-07 01:10:06,216 [1] INFO  Knocker - Current Task Stopped


2021-02-07 01:10:07,392 [1] INFO  Knocker - Main Task Running


2021-02-07 01:10:07,398 [7] INFO  Knocker - Core Started

2021-02-07 01:11:46,944 [1] INFO  Knocker - Exported to application directory successfully

